F:\VS2012PROJ\SMARTFRAME\SMARTFRAME\LIB\LIBBUSINESS\DEBUG\LIBENTRY.OBJ
F:\VS2012PROJ\SMARTFRAME\SMARTFRAME\LIB\LIBBUSINESS\DEBUG\VC110.PDB
F:\vs2012Proj\SmartFrame\SmartFrame\bin\libbusiness.lib
F:\vs2012Proj\SmartFrame\SmartFrame\bin\libbusiness.exp
F:\VS2012PROJ\SMARTFRAME\SMARTFRAME\BIN\LIBBUSINESS.ILK
F:\VS2012PROJ\SMARTFRAME\SMARTFRAME\BIN\LIBBUSINESS.DLL
F:\VS2012PROJ\SMARTFRAME\SMARTFRAME\BIN\LIBBUSINESS.PDB
F:\vs2012Proj\SmartFrame\SmartFrame\lib\libbusiness\Debug\libentry.obj
F:\vs2012Proj\SmartFrame\SmartFrame\lib\libbusiness\Debug\cl.command.1.tlog
F:\vs2012Proj\SmartFrame\SmartFrame\lib\libbusiness\Debug\CL.read.1.tlog
F:\vs2012Proj\SmartFrame\SmartFrame\lib\libbusiness\Debug\CL.write.1.tlog
F:\vs2012Proj\SmartFrame\SmartFrame\lib\libbusiness\Debug\libbusiness.write.1.tlog
F:\vs2012Proj\SmartFrame\SmartFrame\lib\libbusiness\Debug\link-cvtres.read.1.tlog
F:\vs2012Proj\SmartFrame\SmartFrame\lib\libbusiness\Debug\link-cvtres.write.1.tlog
F:\vs2012Proj\SmartFrame\SmartFrame\lib\libbusiness\Debug\link-rc.read.1.tlog
F:\vs2012Proj\SmartFrame\SmartFrame\lib\libbusiness\Debug\link-rc.write.1.tlog
F:\vs2012Proj\SmartFrame\SmartFrame\lib\libbusiness\Debug\link.command.1.tlog
F:\vs2012Proj\SmartFrame\SmartFrame\lib\libbusiness\Debug\link.read.1.tlog
F:\vs2012Proj\SmartFrame\SmartFrame\lib\libbusiness\Debug\link.write.1.tlog
F:\vs2012Proj\SmartFrame\SmartFrame\lib\libbusiness\Debug\vc110.idb
F:\vs2012Proj\SmartFrame\SmartFrame\lib\libbusiness\Debug\vc110.pdb
F:\vs2012Proj\SmartFrame\SmartFrame\lib\libbusiness\..\..\bin\libbusiness.dll
