F:\VS2012PROJ\SMARTFRAME\SMARTFRAME\DEBUG\FRAMECONTEXT.OBJ
F:\VS2012PROJ\SMARTFRAME\SMARTFRAME\DEBUG\SMARTENGINE.OBJ
F:\VS2012PROJ\SMARTFRAME\SMARTFRAME\DEBUG\LIBRARY.OBJ
F:\VS2012PROJ\SMARTFRAME\SMARTFRAME\DEBUG\SMARTFRAME.OBJ
F:\VS2012PROJ\SMARTFRAME\SMARTFRAME\DEBUG\VC110.PDB
F:\VS2012PROJ\SMARTFRAME\SMARTFRAME\BIN\SMARTFRAME.ILK
F:\VS2012PROJ\SMARTFRAME\SMARTFRAME\BIN\SMARTFRAME.EXE
F:\VS2012PROJ\SMARTFRAME\SMARTFRAME\BIN\SMARTFRAME.PDB
F:\vs2012Proj\SmartFrame\SmartFrame\Debug\FrameContext.obj
F:\vs2012Proj\SmartFrame\SmartFrame\Debug\SmartFrame.obj
F:\vs2012Proj\SmartFrame\SmartFrame\Debug\cl.command.1.tlog
F:\vs2012Proj\SmartFrame\SmartFrame\Debug\CL.read.1.tlog
F:\vs2012Proj\SmartFrame\SmartFrame\Debug\CL.write.1.tlog
F:\vs2012Proj\SmartFrame\SmartFrame\Debug\link-cvtres.read.1.tlog
F:\vs2012Proj\SmartFrame\SmartFrame\Debug\link-cvtres.write.1.tlog
F:\vs2012Proj\SmartFrame\SmartFrame\Debug\link-rc.read.1.tlog
F:\vs2012Proj\SmartFrame\SmartFrame\Debug\link-rc.write.1.tlog
F:\vs2012Proj\SmartFrame\SmartFrame\Debug\link.6264-cvtres.read.1.tlog
F:\vs2012Proj\SmartFrame\SmartFrame\Debug\link.6264-cvtres.write.1.tlog
F:\vs2012Proj\SmartFrame\SmartFrame\Debug\link.6264-rc.read.1.tlog
F:\vs2012Proj\SmartFrame\SmartFrame\Debug\link.6264-rc.write.1.tlog
F:\vs2012Proj\SmartFrame\SmartFrame\Debug\link.6264.read.1.tlog
F:\vs2012Proj\SmartFrame\SmartFrame\Debug\link.6264.write.1.tlog
F:\vs2012Proj\SmartFrame\SmartFrame\Debug\link.command.1.tlog
F:\vs2012Proj\SmartFrame\SmartFrame\Debug\link.read.1.tlog
F:\vs2012Proj\SmartFrame\SmartFrame\Debug\link.write.1.tlog
F:\vs2012Proj\SmartFrame\SmartFrame\Debug\vc110.idb
F:\vs2012Proj\SmartFrame\SmartFrame\Debug\vc110.pdb
F:\vs2012Proj\SmartFrame\SmartFrame\.\bin\SmartFrame.exe
