F:\VS2012PROJ\SMARTFRAME\SMARTFRAME\LIB\LIBBASE\DEBUG\JSON.OBJ
F:\VS2012PROJ\SMARTFRAME\SMARTFRAME\LIB\LIBBASE\DEBUG\OBJECT.OBJ
F:\VS2012PROJ\SMARTFRAME\SMARTFRAME\LIB\LIBBASE\DEBUG\VC110.PDB
F:\VS2012PROJ\SMARTFRAME\SMARTFRAME\LIB\LIBBASE\DEBUG\ESTRING.OBJ
F:\VS2012PROJ\SMARTFRAME\SMARTFRAME\LIB\LIBBASE\DEBUG\OBJECTBASE.OBJ
F:\VS2012PROJ\SMARTFRAME\SMARTFRAME\LIB\LIBBASE\DEBUG\FILEBASE.OBJ
F:\VS2012PROJ\SMARTFRAME\SMARTFRAME\BIN\LIBBASE.LIB
F:\vs2012Proj\SmartFrame\SmartFrame\lib\libbase\Debug\EString.obj
F:\vs2012Proj\SmartFrame\SmartFrame\lib\libbase\Debug\FileBase.obj
F:\vs2012Proj\SmartFrame\SmartFrame\lib\libbase\Debug\Json.obj
F:\vs2012Proj\SmartFrame\SmartFrame\lib\libbase\Debug\Object.obj
F:\vs2012Proj\SmartFrame\SmartFrame\lib\libbase\Debug\ObjectBase.obj
F:\vs2012Proj\SmartFrame\SmartFrame\lib\libbase\Debug\cl.command.1.tlog
F:\vs2012Proj\SmartFrame\SmartFrame\lib\libbase\Debug\CL.read.1.tlog
F:\vs2012Proj\SmartFrame\SmartFrame\lib\libbase\Debug\CL.write.1.tlog
F:\vs2012Proj\SmartFrame\SmartFrame\lib\libbase\Debug\Lib-link.read.1.tlog
F:\vs2012Proj\SmartFrame\SmartFrame\lib\libbase\Debug\Lib-link.write.1.tlog
F:\vs2012Proj\SmartFrame\SmartFrame\lib\libbase\Debug\lib.command.1.tlog
F:\vs2012Proj\SmartFrame\SmartFrame\lib\libbase\Debug\vc110.idb
F:\vs2012Proj\SmartFrame\SmartFrame\lib\libbase\Debug\vc110.pdb
F:\vs2012Proj\SmartFrame\SmartFrame\lib\libbase\..\..\bin\libbase.lib
