Build started 2017/12/17 22:55:27.
     1>Project "F:\vs2012Proj\SmartFrame\SmartFrame\lib\libbase\libbase.vcxproj" on node 2 (Build target(s)).
     1>C:\Program Files (x86)\MSBuild\Microsoft.Cpp\v4.0\V110\Microsoft.CppBuild.targets(346,5): warning MSB8004: Output Directory does not end with a trailing slash.  This build instance will add the slash as it is required to allow proper evaluation of the Output Directory.
     1>ClCompile:
         C:\Program Files (x86)\Microsoft Visual Studio 11.0\VC\bin\CL.exe /c /ZI /nologo /W3 /WX- /Od /Oy- /D WIN32 /D _DEBUG /D _LIB /D _MBCS /Gm /EHsc /RTC1 /MDd /GS /fp:precise /Zc:wchar_t /Zc:forScope /Fo"Debug\\" /Fd"Debug\vc110.pdb" /Gd /TP /analyze- /errorReport:prompt business\FileBase.cpp business\Json.cpp business\ObjectBase.cpp business\EString.cpp
         ObjectBase.cpp
         FileBase.cpp
         正在生成代码...
     1>f:\vs2012proj\smartframe\smartframe\lib\libbase\business\filebase.cpp(30): error C4716: “CFileBase::Create”: 必须返回一个值
     1>f:\vs2012proj\smartframe\smartframe\lib\libbase\business\filebase.cpp(24): error C4716: “CFileBase::Open”: 必须返回一个值
     1>f:\vs2012proj\smartframe\smartframe\lib\libbase\business\filebase.cpp(36): error C4716: “CFileBase::Close”: 必须返回一个值
         正在编译...
         Json.cpp
         正在生成代码...
         正在编译...
         EString.cpp
     1>f:\vs2012proj\smartframe\smartframe\lib\libbase\business\estring.cpp(24): warning C4996: 'strcpy': This function or variable may be unsafe. Consider using strcpy_s instead. To disable deprecation, use _CRT_SECURE_NO_WARNINGS. See online help for details.
                 c:\program files (x86)\microsoft visual studio 11.0\vc\include\string.h(110) : 参见“strcpy”的声明
     1>f:\vs2012proj\smartframe\smartframe\lib\libbase\business\estring.cpp(32): warning C4996: 'strcpy': This function or variable may be unsafe. Consider using strcpy_s instead. To disable deprecation, use _CRT_SECURE_NO_WARNINGS. See online help for details.
                 c:\program files (x86)\microsoft visual studio 11.0\vc\include\string.h(110) : 参见“strcpy”的声明
     1>f:\vs2012proj\smartframe\smartframe\lib\libbase\business\estring.cpp(62): warning C4996: 'strcpy': This function or variable may be unsafe. Consider using strcpy_s instead. To disable deprecation, use _CRT_SECURE_NO_WARNINGS. See online help for details.
                 c:\program files (x86)\microsoft visual studio 11.0\vc\include\string.h(110) : 参见“strcpy”的声明
         正在生成代码...
     1>Done Building Project "F:\vs2012Proj\SmartFrame\SmartFrame\lib\libbase\libbase.vcxproj" (Build target(s)) -- FAILED.

Build FAILED.

Time Elapsed 00:00:00.25
